{"/Users/moldovan/Projects/doneisbetter/src/lib/db.ts": {"path":"/Users/moldovan/Projects/doneisbetter/src/lib/db.ts","statementMap":{"0":{"start":{"line":82,"column":0},"end":{"line":82,"column":16}},"1":{"start":{"line":91,"column":0},"end":{"line":91,"column":16}},"2":{"start":{"line":130,"column":0},"end":{"line":130,"column":7}},"3":{"start":{"line":268,"column":0},"end":{"line":268,"column":7}},"4":{"start":{"line":292,"column":0},"end":{"line":292,"column":16}},"5":{"start":{"line":300,"column":0},"end":{"line":300,"column":7}},"6":{"start":{"line":331,"column":0},"end":{"line":331,"column":7}},"7":{"start":{"line":370,"column":0},"end":{"line":370,"column":7}},"8":{"start":{"line":390,"column":0},"end":{"line":390,"column":7}},"9":{"start":{"line":1,"column":0},"end":{"line":1,"column":46}},"10":{"start":{"line":2,"column":0},"end":{"line":2,"column":74}},"11":{"start":{"line":7,"column":34},"end":{"line":7,"column":52}},"12":{"start":{"line":8,"column":31},"end":{"line":8,"column":32}},"13":{"start":{"line":9,"column":27},"end":{"line":9,"column":31}},"14":{"start":{"line":14,"column":0},"end":{"line":14,"column":null}},"15":{"start":{"line":15,"column":2},"end":{"line":15,"column":null}},"16":{"start":{"line":16,"column":2},"end":{"line":16,"column":null}},"17":{"start":{"line":17,"column":2},"end":{"line":17,"column":null}},"18":{"start":{"line":18,"column":2},"end":{"line":18,"column":null}},"19":{"start":{"line":41,"column":0},"end":{"line":50,"column":1}},"20":{"start":{"line":42,"column":2},"end":{"line":49,"column":4}},"21":{"start":{"line":55,"column":41},"end":{"line":60,"column":2}},"22":{"start":{"line":66,"column":14},"end":{"line":66,"column":37}},"23":{"start":{"line":68,"column":2},"end":{"line":74,"column":3}},"24":{"start":{"line":69,"column":4},"end":{"line":73,"column":7}},"25":{"start":{"line":76,"column":2},"end":{"line":76,"column":13}},"26":{"start":{"line":83,"column":2},"end":{"line":83,"column":42}},"27":{"start":{"line":83,"column":29},"end":{"line":83,"column":42}},"28":{"start":{"line":84,"column":2},"end":{"line":84,"column":70}},"29":{"start":{"line":104,"column":2},"end":{"line":108,"column":3}},"30":{"start":{"line":105,"column":4},"end":{"line":105,"column":49}},"31":{"start":{"line":107,"column":4},"end":{"line":107,"column":86}},"32":{"start":{"line":110,"column":2},"end":{"line":125,"column":4}},"33":{"start":{"line":131,"column":2},"end":{"line":262,"column":3}},"34":{"start":{"line":133,"column":4},"end":{"line":138,"column":5}},"35":{"start":{"line":134,"column":6},"end":{"line":134,"column":64}},"36":{"start":{"line":135,"column":6},"end":{"line":137,"column":7}},"37":{"start":{"line":136,"column":8},"end":{"line":136,"column":45}},"38":{"start":{"line":141,"column":4},"end":{"line":153,"column":5}},"39":{"start":{"line":143,"column":18},"end":{"line":143,"column":28}},"40":{"start":{"line":144,"column":29},"end":{"line":144,"column":69}},"41":{"start":{"line":147,"column":6},"end":{"line":152,"column":7}},"42":{"start":{"line":148,"column":8},"end":{"line":148,"column":60}},"43":{"start":{"line":149,"column":8},"end":{"line":149,"column":29}},"44":{"start":{"line":150,"column":13},"end":{"line":152,"column":7}},"45":{"start":{"line":151,"column":8},"end":{"line":151,"column":36}},"46":{"start":{"line":156,"column":4},"end":{"line":156,"column":40}},"47":{"start":{"line":159,"column":4},"end":{"line":230,"column":5}},"48":{"start":{"line":160,"column":18},"end":{"line":160,"column":31}},"49":{"start":{"line":163,"column":18},"end":{"line":163,"column":28}},"50":{"start":{"line":164,"column":6},"end":{"line":167,"column":7}},"51":{"start":{"line":166,"column":8},"end":{"line":166,"column":46}},"52":{"start":{"line":170,"column":6},"end":{"line":178,"column":7}},"53":{"start":{"line":172,"column":8},"end":{"line":172,"column":45}},"54":{"start":{"line":173,"column":8},"end":{"line":177,"column":11}},"55":{"start":{"line":181,"column":6},"end":{"line":181,"column":87}},"56":{"start":{"line":184,"column":6},"end":{"line":191,"column":7}},"57":{"start":{"line":186,"column":8},"end":{"line":190,"column":9}},"58":{"start":{"line":187,"column":10},"end":{"line":189,"column":43}},"59":{"start":{"line":194,"column":6},"end":{"line":229,"column":11}},"60":{"start":{"line":197,"column":10},"end":{"line":197,"column":44}},"61":{"start":{"line":198,"column":10},"end":{"line":198,"column":59}},"62":{"start":{"line":199,"column":10},"end":{"line":199,"column":47}},"63":{"start":{"line":200,"column":10},"end":{"line":200,"column":48}},"64":{"start":{"line":201,"column":10},"end":{"line":201,"column":52}},"65":{"start":{"line":204,"column":10},"end":{"line":206,"column":11}},"66":{"start":{"line":205,"column":12},"end":{"line":205,"column":71}},"67":{"start":{"line":208,"column":10},"end":{"line":208,"column":28}},"68":{"start":{"line":211,"column":10},"end":{"line":211,"column":63}},"69":{"start":{"line":212,"column":10},"end":{"line":212,"column":41}},"70":{"start":{"line":213,"column":10},"end":{"line":213,"column":47}},"71":{"start":{"line":214,"column":10},"end":{"line":214,"column":53}},"72":{"start":{"line":217,"column":10},"end":{"line":220,"column":11}},"73":{"start":{"line":218,"column":28},"end":{"line":218,"column":99}},"74":{"start":{"line":219,"column":12},"end":{"line":219,"column":121}},"75":{"start":{"line":223,"column":10},"end":{"line":225,"column":11}},"76":{"start":{"line":224,"column":12},"end":{"line":224,"column":74}},"77":{"start":{"line":228,"column":10},"end":{"line":228,"column":52}},"78":{"start":{"line":233,"column":4},"end":{"line":250,"column":5}},"79":{"start":{"line":234,"column":25},"end":{"line":234,"column":54}},"80":{"start":{"line":235,"column":6},"end":{"line":235,"column":24}},"81":{"start":{"line":238,"column":6},"end":{"line":238,"column":37}},"82":{"start":{"line":239,"column":6},"end":{"line":239,"column":43}},"83":{"start":{"line":242,"column":6},"end":{"line":242,"column":49}},"84":{"start":{"line":245,"column":6},"end":{"line":247,"column":7}},"85":{"start":{"line":246,"column":8},"end":{"line":246,"column":50}},"86":{"start":{"line":249,"column":6},"end":{"line":249,"column":18}},"87":{"start":{"line":253,"column":4},"end":{"line":253,"column":41}},"88":{"start":{"line":254,"column":4},"end":{"line":254,"column":35}},"89":{"start":{"line":257,"column":4},"end":{"line":259,"column":5}},"90":{"start":{"line":258,"column":6},"end":{"line":258,"column":48}},"91":{"start":{"line":261,"column":4},"end":{"line":261,"column":16}},"92":{"start":{"line":269,"column":2},"end":{"line":286,"column":3}},"93":{"start":{"line":270,"column":4},"end":{"line":276,"column":5}},"94":{"start":{"line":271,"column":6},"end":{"line":271,"column":34}},"95":{"start":{"line":272,"column":6},"end":{"line":272,"column":34}},"96":{"start":{"line":273,"column":6},"end":{"line":273,"column":37}},"97":{"start":{"line":274,"column":6},"end":{"line":274,"column":54}},"98":{"start":{"line":275,"column":6},"end":{"line":275,"column":47}},"99":{"start":{"line":278,"column":4},"end":{"line":278,"column":62}},"100":{"start":{"line":280,"column":4},"end":{"line":280,"column":32}},"101":{"start":{"line":281,"column":4},"end":{"line":281,"column":35}},"102":{"start":{"line":282,"column":4},"end":{"line":282,"column":52}},"103":{"start":{"line":285,"column":4},"end":{"line":285,"column":46}},"104":{"start":{"line":293,"column":2},"end":{"line":293,"column":71}},"105":{"start":{"line":301,"column":2},"end":{"line":304,"column":3}},"106":{"start":{"line":302,"column":4},"end":{"line":302,"column":75}},"107":{"start":{"line":303,"column":4},"end":{"line":303,"column":11}},"108":{"start":{"line":306,"column":2},"end":{"line":324,"column":3}},"109":{"start":{"line":308,"column":4},"end":{"line":308,"column":25}},"110":{"start":{"line":311,"column":4},"end":{"line":311,"column":47}},"111":{"start":{"line":314,"column":4},"end":{"line":314,"column":42}},"112":{"start":{"line":317,"column":4},"end":{"line":319,"column":5}},"113":{"start":{"line":318,"column":6},"end":{"line":318,"column":68}},"114":{"start":{"line":321,"column":4},"end":{"line":321,"column":67}},"115":{"start":{"line":323,"column":4},"end":{"line":323,"column":63}},"116":{"start":{"line":337,"column":2},"end":{"line":362,"column":3}},"117":{"start":{"line":339,"column":4},"end":{"line":339,"column":22}},"118":{"start":{"line":342,"column":27},"end":{"line":342,"column":48}},"119":{"start":{"line":346,"column":4},"end":{"line":349,"column":5}},"120":{"start":{"line":348,"column":6},"end":{"line":348,"column":63}},"121":{"start":{"line":351,"column":4},"end":{"line":355,"column":6}},"122":{"start":{"line":357,"column":4},"end":{"line":361,"column":6}},"123":{"start":{"line":371,"column":2},"end":{"line":383,"column":3}},"124":{"start":{"line":373,"column":4},"end":{"line":373,"column":22}},"125":{"start":{"line":376,"column":4},"end":{"line":376,"column":29}},"126":{"start":{"line":379,"column":4},"end":{"line":381,"column":5}},"127":{"start":{"line":380,"column":6},"end":{"line":380,"column":48}},"128":{"start":{"line":382,"column":4},"end":{"line":382,"column":16}},"129":{"start":{"line":392,"column":2},"end":{"line":432,"column":3}},"130":{"start":{"line":394,"column":4},"end":{"line":396,"column":5}},"131":{"start":{"line":395,"column":6},"end":{"line":395,"column":24}},"132":{"start":{"line":399,"column":4},"end":{"line":401,"column":5}},"133":{"start":{"line":400,"column":6},"end":{"line":400,"column":65}},"134":{"start":{"line":404,"column":57},"end":{"line":410,"column":6}},"135":{"start":{"line":409,"column":27},"end":{"line":409,"column":31}},"136":{"start":{"line":412,"column":4},"end":{"line":431,"column":5}},"137":{"start":{"line":414,"column":6},"end":{"line":414,"column":69}},"138":{"start":{"line":417,"column":6},"end":{"line":419,"column":7}},"139":{"start":{"line":418,"column":8},"end":{"line":418,"column":67}},"140":{"start":{"line":422,"column":6},"end":{"line":422,"column":38}},"141":{"start":{"line":423,"column":6},"end":{"line":423,"column":94}},"142":{"start":{"line":424,"column":6},"end":{"line":424,"column":43}},"143":{"start":{"line":427,"column":6},"end":{"line":429,"column":7}},"144":{"start":{"line":428,"column":8},"end":{"line":428,"column":50}},"145":{"start":{"line":430,"column":6},"end":{"line":430,"column":18}},"146":{"start":{"line":435,"column":2},"end":{"line":517,"column":3}},"147":{"start":{"line":437,"column":23},"end":{"line":437,"column":40}},"148":{"start":{"line":440,"column":23},"end":{"line":440,"column":44}},"149":{"start":{"line":441,"column":22},"end":{"line":443,"column":13}},"150":{"start":{"line":442,"column":6},"end":{"line":442,"column":25}},"151":{"start":{"line":445,"column":49},"end":{"line":445,"column":53}},"152":{"start":{"line":447,"column":4},"end":{"line":510,"column":5}},"153":{"start":{"line":449,"column":6},"end":{"line":475,"column":7}},"154":{"start":{"line":450,"column":8},"end":{"line":461,"column":11}},"155":{"start":{"line":453,"column":12},"end":{"line":459,"column":15}},"156":{"start":{"line":454,"column":14},"end":{"line":458,"column":18}},"157":{"start":{"line":464,"column":8},"end":{"line":466,"column":9}},"158":{"start":{"line":465,"column":10},"end":{"line":465,"column":22}},"159":{"start":{"line":467,"column":8},"end":{"line":471,"column":11}},"160":{"start":{"line":474,"column":8},"end":{"line":474,"column":32}},"161":{"start":{"line":478,"column":6},"end":{"line":503,"column":7}},"162":{"start":{"line":479,"column":8},"end":{"line":479,"column":35}},"163":{"start":{"line":480,"column":23},"end":{"line":480,"column":48}},"164":{"start":{"line":481,"column":8},"end":{"line":481,"column":42}},"165":{"start":{"line":482,"column":8},"end":{"line":482,"column":22}},"166":{"start":{"line":485,"column":8},"end":{"line":491,"column":9}},"167":{"start":{"line":486,"column":10},"end":{"line":488,"column":11}},"168":{"start":{"line":487,"column":12},"end":{"line":487,"column":45}},"169":{"start":{"line":490,"column":10},"end":{"line":490,"column":67}},"170":{"start":{"line":494,"column":8},"end":{"line":496,"column":9}},"171":{"start":{"line":495,"column":10},"end":{"line":495,"column":52}},"172":{"start":{"line":497,"column":8},"end":{"line":497,"column":20}},"173":{"start":{"line":500,"column":8},"end":{"line":502,"column":9}},"174":{"start":{"line":501,"column":10},"end":{"line":501,"column":31}},"175":{"start":{"line":506,"column":6},"end":{"line":508,"column":7}},"176":{"start":{"line":507,"column":8},"end":{"line":507,"column":50}},"177":{"start":{"line":509,"column":6},"end":{"line":509,"column":18}},"178":{"start":{"line":513,"column":4},"end":{"line":515,"column":5}},"179":{"start":{"line":514,"column":6},"end":{"line":514,"column":48}},"180":{"start":{"line":516,"column":4},"end":{"line":516,"column":16}}},"fnMap":{"0":{"name":"(anonymous_1)","decl":{"start":{"line":14,"column":0},"end":{"line":14,"column":12}},"loc":{"start":{"line":14,"column":27},"end":{"line":19,"column":1}}},"1":{"name":"getMongoURI","decl":{"start":{"line":65,"column":9},"end":{"line":65,"column":20}},"loc":{"start":{"line":65,"column":20},"end":{"line":77,"column":1}}},"2":{"name":"isConnectionHealthy","decl":{"start":{"line":82,"column":16},"end":{"line":82,"column":35}},"loc":{"start":{"line":82,"column":35},"end":{"line":85,"column":1}}},"3":{"name":"getConnectionStatus","decl":{"start":{"line":91,"column":16},"end":{"line":91,"column":35}},"loc":{"start":{"line":91,"column":35},"end":{"line":126,"column":1}}},"4":{"name":"connectDB","decl":{"start":{"line":130,"column":22},"end":{"line":130,"column":31}},"loc":{"start":{"line":130,"column":31},"end":{"line":263,"column":1}}},"5":{"name":"(anonymous_6)","decl":{"start":{"line":195,"column":14},"end":{"line":195,"column":24}},"loc":{"start":{"line":195,"column":27},"end":{"line":209,"column":9}}},"6":{"name":"(anonymous_7)","decl":{"start":{"line":210,"column":15},"end":{"line":210,"column":16}},"loc":{"start":{"line":210,"column":25},"end":{"line":229,"column":9}}},"7":{"name":"disconnectDB","decl":{"start":{"line":268,"column":22},"end":{"line":268,"column":34}},"loc":{"start":{"line":268,"column":34},"end":{"line":287,"column":1}}},"8":{"name":"isConnected","decl":{"start":{"line":292,"column":16},"end":{"line":292,"column":27}},"loc":{"start":{"line":292,"column":27},"end":{"line":294,"column":1}}},"9":{"name":"simulateConnectionError","decl":{"start":{"line":300,"column":22},"end":{"line":300,"column":45}},"loc":{"start":{"line":300,"column":45},"end":{"line":325,"column":1}}},"10":{"name":"testConnection","decl":{"start":{"line":331,"column":22},"end":{"line":331,"column":36}},"loc":{"start":{"line":331,"column":36},"end":{"line":363,"column":1}}},"11":{"name":"withDatabase","decl":{"start":{"line":370,"column":22},"end":{"line":370,"column":34}},"loc":{"start":{"line":370,"column":65},"end":{"line":384,"column":1}}},"12":{"name":"withTransaction","decl":{"start":{"line":390,"column":22},"end":{"line":390,"column":37}},"loc":{"start":{"line":390,"column":100},"end":{"line":518,"column":1}}},"13":{"name":"(anonymous_14)","decl":{"start":{"line":409,"column":21},"end":{"line":409,"column":24}},"loc":{"start":{"line":409,"column":27},"end":{"line":409,"column":31}}},"14":{"name":"(anonymous_15)","decl":{"start":{"line":441,"column":33},"end":{"line":441,"column":36}},"loc":{"start":{"line":441,"column":38},"end":{"line":443,"column":5}}},"15":{"name":"(anonymous_16)","decl":{"start":{"line":452,"column":29},"end":{"line":452,"column":30}},"loc":{"start":{"line":452,"column":43},"end":{"line":460,"column":11}}},"16":{"name":"(anonymous_17)","decl":{"start":{"line":453,"column":56},"end":{"line":453,"column":59}},"loc":{"start":{"line":453,"column":61},"end":{"line":459,"column":13}}}},"branchMap":{"0":{"loc":{"start":{"line":14,"column":12},"end":{"line":14,"column":null}},"type":"binary-expr","locations":[{"start":{"line":14,"column":12},"end":{"line":14,"column":27}},{"start":{"line":14,"column":27},"end":{"line":14,"column":null}}]},"1":{"loc":{"start":{"line":41,"column":0},"end":{"line":50,"column":1}},"type":"if","locations":[{"start":{"line":41,"column":0},"end":{"line":50,"column":1}}]},"2":{"loc":{"start":{"line":68,"column":2},"end":{"line":74,"column":3}},"type":"if","locations":[{"start":{"line":68,"column":2},"end":{"line":74,"column":3}}]},"3":{"loc":{"start":{"line":83,"column":2},"end":{"line":83,"column":42}},"type":"if","locations":[{"start":{"line":83,"column":2},"end":{"line":83,"column":42}}]},"4":{"loc":{"start":{"line":104,"column":2},"end":{"line":108,"column":3}},"type":"if","locations":[{"start":{"line":104,"column":2},"end":{"line":108,"column":3}},{"start":{"line":106,"column":9},"end":{"line":108,"column":3}}]},"5":{"loc":{"start":{"line":107,"column":22},"end":{"line":107,"column":85}},"type":"binary-expr","locations":[{"start":{"line":107,"column":22},"end":{"line":107,"column":53}},{"start":{"line":107,"column":57},"end":{"line":107,"column":85}}]},"6":{"loc":{"start":{"line":114,"column":19},"end":{"line":116,"column":17}},"type":"cond-expr","locations":[{"start":{"line":115,"column":8},"end":{"line":115,"column":53}},{"start":{"line":116,"column":8},"end":{"line":116,"column":17}}]},"7":{"loc":{"start":{"line":117,"column":19},"end":{"line":119,"column":17}},"type":"cond-expr","locations":[{"start":{"line":118,"column":8},"end":{"line":118,"column":56}},{"start":{"line":119,"column":8},"end":{"line":119,"column":17}}]},"8":{"loc":{"start":{"line":120,"column":23},"end":{"line":120,"column":61}},"type":"binary-expr","locations":[{"start":{"line":120,"column":23},"end":{"line":120,"column":56}},{"start":{"line":120,"column":60},"end":{"line":120,"column":61}}]},"9":{"loc":{"start":{"line":122,"column":15},"end":{"line":124,"column":17}},"type":"cond-expr","locations":[{"start":{"line":123,"column":8},"end":{"line":123,"column":47}},{"start":{"line":124,"column":8},"end":{"line":124,"column":17}}]},"10":{"loc":{"start":{"line":133,"column":4},"end":{"line":138,"column":5}},"type":"if","locations":[{"start":{"line":133,"column":4},"end":{"line":138,"column":5}}]},"11":{"loc":{"start":{"line":135,"column":6},"end":{"line":137,"column":7}},"type":"if","locations":[{"start":{"line":135,"column":6},"end":{"line":137,"column":7}}]},"12":{"loc":{"start":{"line":141,"column":4},"end":{"line":153,"column":5}},"type":"if","locations":[{"start":{"line":141,"column":4},"end":{"line":153,"column":5}}]},"13":{"loc":{"start":{"line":144,"column":29},"end":{"line":144,"column":69}},"type":"binary-expr","locations":[{"start":{"line":144,"column":29},"end":{"line":144,"column":64}},{"start":{"line":144,"column":68},"end":{"line":144,"column":69}}]},"14":{"loc":{"start":{"line":147,"column":6},"end":{"line":152,"column":7}},"type":"if","locations":[{"start":{"line":147,"column":6},"end":{"line":152,"column":7}},{"start":{"line":150,"column":13},"end":{"line":152,"column":7}}]},"15":{"loc":{"start":{"line":147,"column":10},"end":{"line":147,"column":84}},"type":"binary-expr","locations":[{"start":{"line":147,"column":10},"end":{"line":147,"column":58}},{"start":{"line":147,"column":62},"end":{"line":147,"column":84}}]},"16":{"loc":{"start":{"line":150,"column":13},"end":{"line":152,"column":7}},"type":"if","locations":[{"start":{"line":150,"column":13},"end":{"line":152,"column":7}}]},"17":{"loc":{"start":{"line":159,"column":4},"end":{"line":230,"column":5}},"type":"if","locations":[{"start":{"line":159,"column":4},"end":{"line":230,"column":5}}]},"18":{"loc":{"start":{"line":164,"column":6},"end":{"line":167,"column":7}},"type":"if","locations":[{"start":{"line":164,"column":6},"end":{"line":167,"column":7}}]},"19":{"loc":{"start":{"line":164,"column":10},"end":{"line":165,"column":75}},"type":"binary-expr","locations":[{"start":{"line":164,"column":10},"end":{"line":164,"column":39}},{"start":{"line":165,"column":11},"end":{"line":165,"column":74}}]},"20":{"loc":{"start":{"line":170,"column":6},"end":{"line":178,"column":7}},"type":"if","locations":[{"start":{"line":170,"column":6},"end":{"line":178,"column":7}}]},"21":{"loc":{"start":{"line":170,"column":10},"end":{"line":171,"column":69}},"type":"binary-expr","locations":[{"start":{"line":170,"column":10},"end":{"line":170,"column":43}},{"start":{"line":171,"column":10},"end":{"line":171,"column":69}}]},"22":{"loc":{"start":{"line":181,"column":43},"end":{"line":181,"column":81}},"type":"binary-expr","locations":[{"start":{"line":181,"column":43},"end":{"line":181,"column":76}},{"start":{"line":181,"column":80},"end":{"line":181,"column":81}}]},"23":{"loc":{"start":{"line":184,"column":6},"end":{"line":191,"column":7}},"type":"if","locations":[{"start":{"line":184,"column":6},"end":{"line":191,"column":7}}]},"24":{"loc":{"start":{"line":186,"column":8},"end":{"line":190,"column":9}},"type":"if","locations":[{"start":{"line":186,"column":8},"end":{"line":190,"column":9}}]},"25":{"loc":{"start":{"line":187,"column":43},"end":{"line":189,"column":42}},"type":"cond-expr","locations":[{"start":{"line":188,"column":14},"end":{"line":188,"column":40}},{"start":{"line":189,"column":14},"end":{"line":189,"column":42}}]},"26":{"loc":{"start":{"line":204,"column":10},"end":{"line":206,"column":11}},"type":"if","locations":[{"start":{"line":204,"column":10},"end":{"line":206,"column":11}}]},"27":{"loc":{"start":{"line":204,"column":14},"end":{"line":204,"column":68}},"type":"binary-expr","locations":[{"start":{"line":204,"column":14},"end":{"line":204,"column":45}},{"start":{"line":204,"column":49},"end":{"line":204,"column":68}}]},"28":{"loc":{"start":{"line":217,"column":10},"end":{"line":220,"column":11}},"type":"if","locations":[{"start":{"line":217,"column":10},"end":{"line":220,"column":11}}]},"29":{"loc":{"start":{"line":217,"column":14},"end":{"line":217,"column":88}},"type":"binary-expr","locations":[{"start":{"line":217,"column":14},"end":{"line":217,"column":47}},{"start":{"line":217,"column":51},"end":{"line":217,"column":88}}]},"30":{"loc":{"start":{"line":223,"column":10},"end":{"line":225,"column":11}},"type":"if","locations":[{"start":{"line":223,"column":10},"end":{"line":225,"column":11}}]},"31":{"loc":{"start":{"line":223,"column":14},"end":{"line":223,"column":68}},"type":"binary-expr","locations":[{"start":{"line":223,"column":14},"end":{"line":223,"column":45}},{"start":{"line":223,"column":49},"end":{"line":223,"column":68}}]},"32":{"loc":{"start":{"line":245,"column":6},"end":{"line":247,"column":7}},"type":"if","locations":[{"start":{"line":245,"column":6},"end":{"line":247,"column":7}}]},"33":{"loc":{"start":{"line":257,"column":4},"end":{"line":259,"column":5}},"type":"if","locations":[{"start":{"line":257,"column":4},"end":{"line":259,"column":5}}]},"34":{"loc":{"start":{"line":270,"column":4},"end":{"line":276,"column":5}},"type":"if","locations":[{"start":{"line":270,"column":4},"end":{"line":276,"column":5}}]},"35":{"loc":{"start":{"line":301,"column":2},"end":{"line":304,"column":3}},"type":"if","locations":[{"start":{"line":301,"column":2},"end":{"line":304,"column":3}}]},"36":{"loc":{"start":{"line":317,"column":4},"end":{"line":319,"column":5}},"type":"if","locations":[{"start":{"line":317,"column":4},"end":{"line":319,"column":5}}]},"37":{"loc":{"start":{"line":346,"column":4},"end":{"line":349,"column":5}},"type":"if","locations":[{"start":{"line":346,"column":4},"end":{"line":349,"column":5}}]},"38":{"loc":{"start":{"line":346,"column":8},"end":{"line":347,"column":30}},"type":"binary-expr","locations":[{"start":{"line":346,"column":8},"end":{"line":346,"column":69}},{"start":{"line":347,"column":8},"end":{"line":347,"column":30}}]},"39":{"loc":{"start":{"line":360,"column":13},"end":{"line":360,"column":69}},"type":"cond-expr","locations":[{"start":{"line":360,"column":38},"end":{"line":360,"column":51}},{"start":{"line":360,"column":54},"end":{"line":360,"column":69}}]},"40":{"loc":{"start":{"line":379,"column":4},"end":{"line":381,"column":5}},"type":"if","locations":[{"start":{"line":379,"column":4},"end":{"line":381,"column":5}}]},"41":{"loc":{"start":{"line":392,"column":2},"end":{"line":432,"column":3}},"type":"if","locations":[{"start":{"line":392,"column":2},"end":{"line":432,"column":3}}]},"42":{"loc":{"start":{"line":394,"column":4},"end":{"line":396,"column":5}},"type":"if","locations":[{"start":{"line":394,"column":4},"end":{"line":396,"column":5}}]},"43":{"loc":{"start":{"line":399,"column":4},"end":{"line":401,"column":5}},"type":"if","locations":[{"start":{"line":399,"column":4},"end":{"line":401,"column":5}}]},"44":{"loc":{"start":{"line":417,"column":6},"end":{"line":419,"column":7}},"type":"if","locations":[{"start":{"line":417,"column":6},"end":{"line":419,"column":7}}]},"45":{"loc":{"start":{"line":423,"column":44},"end":{"line":423,"column":93}},"type":"binary-expr","locations":[{"start":{"line":423,"column":44},"end":{"line":423,"column":79}},{"start":{"line":423,"column":83},"end":{"line":423,"column":93}}]},"46":{"loc":{"start":{"line":427,"column":6},"end":{"line":429,"column":7}},"type":"if","locations":[{"start":{"line":427,"column":6},"end":{"line":429,"column":7}}]},"47":{"loc":{"start":{"line":464,"column":8},"end":{"line":466,"column":9}},"type":"if","locations":[{"start":{"line":464,"column":8},"end":{"line":466,"column":9}}]},"48":{"loc":{"start":{"line":468,"column":60},"end":{"line":468,"column":114}},"type":"cond-expr","locations":[{"start":{"line":468,"column":85},"end":{"line":468,"column":98}},{"start":{"line":468,"column":101},"end":{"line":468,"column":114}}]},"49":{"loc":{"start":{"line":486,"column":10},"end":{"line":488,"column":11}},"type":"if","locations":[{"start":{"line":486,"column":10},"end":{"line":488,"column":11}}]},"50":{"loc":{"start":{"line":494,"column":8},"end":{"line":496,"column":9}},"type":"if","locations":[{"start":{"line":494,"column":8},"end":{"line":496,"column":9}}]},"51":{"loc":{"start":{"line":500,"column":8},"end":{"line":502,"column":9}},"type":"if","locations":[{"start":{"line":500,"column":8},"end":{"line":502,"column":9}}]},"52":{"loc":{"start":{"line":506,"column":6},"end":{"line":508,"column":7}},"type":"if","locations":[{"start":{"line":506,"column":6},"end":{"line":508,"column":7}}]},"53":{"loc":{"start":{"line":513,"column":4},"end":{"line":515,"column":5}},"type":"if","locations":[{"start":{"line":513,"column":4},"end":{"line":515,"column":5}}]}},"s":{"0":1,"1":1,"2":1,"3":1,"4":1,"5":1,"6":1,"7":1,"8":1,"9":1,"10":1,"11":1,"12":1,"13":1,"14":1,"15":1,"16":1,"17":1,"18":1,"19":1,"20":1,"21":1,"22":28,"23":28,"24":3,"25":25,"26":7,"27":2,"28":5,"29":9,"30":2,"31":7,"32":9,"33":30,"34":30,"35":0,"36":0,"37":0,"38":30,"39":2,"40":2,"41":2,"42":0,"43":0,"44":2,"45":2,"46":28,"47":28,"48":28,"49":25,"50":25,"51":0,"52":25,"53":0,"54":0,"55":25,"56":25,"57":25,"58":25,"59":25,"60":22,"61":22,"62":22,"63":22,"64":22,"65":22,"66":22,"67":22,"68":3,"69":3,"70":3,"71":3,"72":3,"73":3,"74":3,"75":3,"76":3,"77":3,"78":25,"79":25,"80":22,"81":3,"82":3,"83":3,"84":3,"85":0,"86":3,"87":6,"88":6,"89":6,"90":0,"91":6,"92":12,"93":12,"94":10,"95":9,"96":9,"97":9,"98":9,"99":1,"100":1,"101":1,"102":1,"103":1,"104":31,"105":4,"106":0,"107":0,"108":4,"109":4,"110":4,"111":4,"112":4,"113":4,"114":4,"115":0,"116":1,"117":1,"118":1,"119":1,"120":1,"121":1,"122":0,"123":4,"124":4,"125":4,"126":1,"127":1,"128":0,"129":2,"130":2,"131":2,"132":2,"133":2,"134":2,"135":2,"136":2,"137":2,"138":1,"139":1,"140":1,"141":1,"142":1,"143":1,"144":1,"145":0,"146":0,"147":0,"148":0,"149":0,"150":0,"151":0,"152":0,"153":0,"154":0,"155":0,"156":0,"157":0,"158":0,"159":0,"160":0,"161":0,"162":0,"163":0,"164":0,"165":0,"166":0,"167":0,"168":0,"169":0,"170":0,"171":0,"172":0,"173":0,"174":0,"175":0,"176":0,"177":0,"178":0,"179":0,"180":0},"f":{"0":1,"1":28,"2":7,"3":9,"4":30,"5":22,"6":3,"7":12,"8":31,"9":4,"10":1,"11":4,"12":2,"13":2,"14":0,"15":0,"16":0},"b":{"0":[1,1],"1":[1],"2":[3],"3":[2],"4":[2,7],"5":[7,3],"6":[4,5],"7":[4,5],"8":[9,7],"9":[2,7],"10":[0],"11":[0],"12":[2],"13":[2,0],"14":[0,2],"15":[2,0],"16":[2],"17":[28],"18":[0],"19":[25,4],"20":[0],"21":[25,4],"22":[25,21],"23":[25],"24":[25],"25":[25,0],"26":[22],"27":[22,22],"28":[3],"29":[3,3],"30":[3],"31":[3,3],"32":[0],"33":[0],"34":[10],"35":[0],"36":[4],"37":[1],"38":[1,1],"39":[0,0],"40":[1],"41":[2],"42":[2],"43":[2],"44":[1],"45":[1,0],"46":[1],"47":[0],"48":[0,0],"49":[0],"50":[0],"51":[0],"52":[0],"53":[0]}}
,"/Users/moldovan/Projects/doneisbetter/src/lib/errors/DatabaseError.ts": {"path":"/Users/moldovan/Projects/doneisbetter/src/lib/errors/DatabaseError.ts","statementMap":{"0":{"start":{"line":4,"column":0},"end":{"line":4,"column":null}},"1":{"start":{"line":5,"column":2},"end":{"line":5,"column":null}},"2":{"start":{"line":6,"column":2},"end":{"line":6,"column":null}},"3":{"start":{"line":7,"column":2},"end":{"line":7,"column":null}},"4":{"start":{"line":8,"column":2},"end":{"line":8,"column":null}},"5":{"start":{"line":9,"column":2},"end":{"line":9,"column":null}},"6":{"start":{"line":10,"column":2},"end":{"line":10,"column":null}},"7":{"start":{"line":43,"column":4},"end":{"line":43,"column":19}},"8":{"start":{"line":44,"column":4},"end":{"line":44,"column":32}},"9":{"start":{"line":45,"column":4},"end":{"line":45,"column":21}},"10":{"start":{"line":46,"column":4},"end":{"line":46,"column":33}},"11":{"start":{"line":47,"column":4},"end":{"line":47,"column":39}},"12":{"start":{"line":48,"column":4},"end":{"line":48,"column":29}},"13":{"start":{"line":51,"column":4},"end":{"line":51,"column":57}},"14":{"start":{"line":59,"column":4},"end":{"line":66,"column":5}},"15":{"start":{"line":60,"column":6},"end":{"line":65,"column":9}},"16":{"start":{"line":69,"column":4},"end":{"line":77,"column":5}},"17":{"start":{"line":70,"column":6},"end":{"line":76,"column":9}},"18":{"start":{"line":80,"column":4},"end":{"line":88,"column":5}},"19":{"start":{"line":82,"column":6},"end":{"line":87,"column":9}},"20":{"start":{"line":91,"column":4},"end":{"line":96,"column":7}},"21":{"start":{"line":103,"column":4},"end":{"line":108,"column":7}},"22":{"start":{"line":115,"column":4},"end":{"line":122,"column":6}},"23":{"start":{"line":17,"column":0},"end":{"line":17,"column":13}}},"fnMap":{"0":{"name":"(anonymous_0)","decl":{"start":{"line":4,"column":0},"end":{"line":4,"column":12}},"loc":{"start":{"line":4,"column":29},"end":{"line":11,"column":1}}},"1":{"name":"(anonymous_1)","decl":{"start":{"line":30,"column":2},"end":{"line":30,"column":14}},"loc":{"start":{"line":42,"column":3},"end":{"line":52,"column":3}}},"2":{"name":"(anonymous_2)","decl":{"start":{"line":57,"column":2},"end":{"line":57,"column":8}},"loc":{"start":{"line":57,"column":46},"end":{"line":97,"column":3}}},"3":{"name":"(anonymous_3)","decl":{"start":{"line":102,"column":2},"end":{"line":102,"column":8}},"loc":{"start":{"line":102,"column":47},"end":{"line":109,"column":3}}},"4":{"name":"(anonymous_4)","decl":{"start":{"line":114,"column":2},"end":{"line":114,"column":8}},"loc":{"start":{"line":114,"column":8},"end":{"line":123,"column":3}}}},"branchMap":{"0":{"loc":{"start":{"line":4,"column":12},"end":{"line":4,"column":null}},"type":"binary-expr","locations":[{"start":{"line":4,"column":12},"end":{"line":4,"column":29}},{"start":{"line":4,"column":29},"end":{"line":4,"column":null}}]},"1":{"loc":{"start":{"line":32,"column":4},"end":{"line":32,"column":36}},"type":"default-arg","locations":[{"start":{"line":32,"column":11},"end":{"line":32,"column":36}}]},"2":{"loc":{"start":{"line":33,"column":4},"end":{"line":33,"column":20}},"type":"default-arg","locations":[{"start":{"line":33,"column":17},"end":{"line":33,"column":20}}]},"3":{"loc":{"start":{"line":59,"column":4},"end":{"line":66,"column":5}},"type":"if","locations":[{"start":{"line":59,"column":4},"end":{"line":66,"column":5}}]},"4":{"loc":{"start":{"line":59,"column":8},"end":{"line":59,"column":72}},"type":"binary-expr","locations":[{"start":{"line":59,"column":8},"end":{"line":59,"column":30}},{"start":{"line":59,"column":34},"end":{"line":59,"column":72}}]},"5":{"loc":{"start":{"line":69,"column":4},"end":{"line":77,"column":5}},"type":"if","locations":[{"start":{"line":69,"column":4},"end":{"line":77,"column":5}}]},"6":{"loc":{"start":{"line":69,"column":8},"end":{"line":69,"column":66}},"type":"binary-expr","locations":[{"start":{"line":69,"column":8},"end":{"line":69,"column":30}},{"start":{"line":69,"column":34},"end":{"line":69,"column":66}}]},"7":{"loc":{"start":{"line":80,"column":4},"end":{"line":88,"column":5}},"type":"if","locations":[{"start":{"line":80,"column":4},"end":{"line":88,"column":5}}]},"8":{"loc":{"start":{"line":80,"column":8},"end":{"line":81,"column":91}},"type":"binary-expr","locations":[{"start":{"line":80,"column":8},"end":{"line":80,"column":30}},{"start":{"line":81,"column":9},"end":{"line":81,"column":41}},{"start":{"line":81,"column":45},"end":{"line":81,"column":90}}]},"9":{"loc":{"start":{"line":92,"column":15},"end":{"line":92,"column":80}},"type":"cond-expr","locations":[{"start":{"line":92,"column":40},"end":{"line":92,"column":53}},{"start":{"line":92,"column":56},"end":{"line":92,"column":80}}]},"10":{"loc":{"start":{"line":104,"column":39},"end":{"line":104,"column":58}},"type":"cond-expr","locations":[{"start":{"line":104,"column":44},"end":{"line":104,"column":53}},{"start":{"line":104,"column":56},"end":{"line":104,"column":58}}]},"11":{"loc":{"start":{"line":107,"column":16},"end":{"line":107,"column":39}},"type":"cond-expr","locations":[{"start":{"line":107,"column":21},"end":{"line":107,"column":27}},{"start":{"line":107,"column":30},"end":{"line":107,"column":39}}]},"12":{"loc":{"start":{"line":120,"column":12},"end":{"line":120,"column":56}},"type":"binary-expr","locations":[{"start":{"line":120,"column":12},"end":{"line":120,"column":25}},{"start":{"line":120,"column":29},"end":{"line":120,"column":56}}]}},"s":{"0":1,"1":1,"2":1,"3":1,"4":1,"5":1,"6":1,"7":9,"8":9,"9":9,"10":9,"11":9,"12":9,"13":9,"14":6,"15":0,"16":6,"17":0,"18":6,"19":0,"20":6,"21":0,"22":0,"23":1},"f":{"0":1,"1":9,"2":6,"3":0,"4":0},"b":{"0":[1,1],"1":[0],"2":[0],"3":[0],"4":[6,6],"5":[0],"6":[6,6],"7":[0],"8":[6,6,6],"9":[6,0],"10":[0,0],"11":[0,0],"12":[0,0]}}
}
