TN:
SF:src/lib/db.ts
FN:14,(anonymous_1)
FN:65,getMongoURI
FN:82,isConnectionHealthy
FN:91,getConnectionStatus
FN:130,connectDB
FN:195,(anonymous_6)
FN:210,(anonymous_7)
FN:268,disconnectDB
FN:292,isConnected
FN:300,simulateConnectionError
FN:331,testConnection
FN:370,withDatabase
FN:390,withTransaction
FN:409,(anonymous_14)
FN:441,(anonymous_15)
FN:452,(anonymous_16)
FN:453,(anonymous_17)
FNF:17
FNH:14
FNDA:1,(anonymous_1)
FNDA:28,getMongoURI
FNDA:7,isConnectionHealthy
FNDA:9,getConnectionStatus
FNDA:30,connectDB
FNDA:22,(anonymous_6)
FNDA:3,(anonymous_7)
FNDA:12,disconnectDB
FNDA:31,isConnected
FNDA:4,simulateConnectionError
FNDA:1,testConnection
FNDA:4,withDatabase
FNDA:2,withTransaction
FNDA:2,(anonymous_14)
FNDA:0,(anonymous_15)
FNDA:0,(anonymous_16)
FNDA:0,(anonymous_17)
DA:1,1
DA:2,1
DA:7,1
DA:8,1
DA:9,1
DA:14,1
DA:15,1
DA:16,1
DA:17,1
DA:18,1
DA:41,1
DA:42,1
DA:55,1
DA:66,28
DA:68,28
DA:69,3
DA:76,25
DA:82,1
DA:83,7
DA:84,5
DA:91,1
DA:104,9
DA:105,2
DA:107,7
DA:110,9
DA:130,1
DA:131,30
DA:133,30
DA:134,0
DA:135,0
DA:136,0
DA:141,30
DA:143,2
DA:144,2
DA:147,2
DA:148,0
DA:149,0
DA:150,2
DA:151,2
DA:156,28
DA:159,28
DA:160,28
DA:163,25
DA:164,25
DA:166,0
DA:170,25
DA:172,0
DA:173,0
DA:181,25
DA:184,25
DA:186,25
DA:187,25
DA:194,25
DA:197,22
DA:198,22
DA:199,22
DA:200,22
DA:201,22
DA:204,22
DA:205,22
DA:208,22
DA:211,3
DA:212,3
DA:213,3
DA:214,3
DA:217,3
DA:218,3
DA:219,3
DA:223,3
DA:224,3
DA:228,3
DA:233,25
DA:234,25
DA:235,22
DA:238,3
DA:239,3
DA:242,3
DA:245,3
DA:246,0
DA:249,3
DA:253,6
DA:254,6
DA:257,6
DA:258,0
DA:261,6
DA:268,1
DA:269,12
DA:270,12
DA:271,10
DA:272,9
DA:273,9
DA:274,9
DA:275,9
DA:278,1
DA:280,1
DA:281,1
DA:282,1
DA:285,1
DA:292,1
DA:293,31
DA:300,1
DA:301,4
DA:302,0
DA:303,0
DA:306,4
DA:308,4
DA:311,4
DA:314,4
DA:317,4
DA:318,4
DA:321,4
DA:323,0
DA:331,1
DA:337,1
DA:339,1
DA:342,1
DA:346,1
DA:348,1
DA:351,1
DA:357,0
DA:370,1
DA:371,4
DA:373,4
DA:376,4
DA:379,1
DA:380,1
DA:382,0
DA:390,1
DA:392,2
DA:394,2
DA:395,2
DA:399,2
DA:400,2
DA:404,2
DA:409,2
DA:412,2
DA:414,2
DA:417,1
DA:418,1
DA:422,1
DA:423,1
DA:424,1
DA:427,1
DA:428,1
DA:430,0
DA:435,0
DA:437,0
DA:440,0
DA:441,0
DA:442,0
DA:445,0
DA:447,0
DA:449,0
DA:450,0
DA:453,0
DA:454,0
DA:464,0
DA:465,0
DA:467,0
DA:474,0
DA:478,0
DA:479,0
DA:480,0
DA:481,0
DA:482,0
DA:485,0
DA:486,0
DA:487,0
DA:490,0
DA:494,0
DA:495,0
DA:497,0
DA:500,0
DA:501,0
DA:506,0
DA:507,0
DA:509,0
DA:513,0
DA:514,0
DA:516,0
LF:180
LH:129
BRDA:14,0,0,1
BRDA:14,0,1,1
BRDA:41,1,0,1
BRDA:68,2,0,3
BRDA:83,3,0,2
BRDA:104,4,0,2
BRDA:104,4,1,7
BRDA:107,5,0,7
BRDA:107,5,1,3
BRDA:114,6,0,4
BRDA:114,6,1,5
BRDA:117,7,0,4
BRDA:117,7,1,5
BRDA:120,8,0,9
BRDA:120,8,1,7
BRDA:122,9,0,2
BRDA:122,9,1,7
BRDA:133,10,0,0
BRDA:135,11,0,0
BRDA:141,12,0,2
BRDA:144,13,0,2
BRDA:144,13,1,0
BRDA:147,14,0,0
BRDA:147,14,1,2
BRDA:147,15,0,2
BRDA:147,15,1,0
BRDA:150,16,0,2
BRDA:159,17,0,28
BRDA:164,18,0,0
BRDA:164,19,0,25
BRDA:164,19,1,4
BRDA:170,20,0,0
BRDA:170,21,0,25
BRDA:170,21,1,4
BRDA:181,22,0,25
BRDA:181,22,1,21
BRDA:184,23,0,25
BRDA:186,24,0,25
BRDA:187,25,0,25
BRDA:187,25,1,0
BRDA:204,26,0,22
BRDA:204,27,0,22
BRDA:204,27,1,22
BRDA:217,28,0,3
BRDA:217,29,0,3
BRDA:217,29,1,3
BRDA:223,30,0,3
BRDA:223,31,0,3
BRDA:223,31,1,3
BRDA:245,32,0,0
BRDA:257,33,0,0
BRDA:270,34,0,10
BRDA:301,35,0,0
BRDA:317,36,0,4
BRDA:346,37,0,1
BRDA:346,38,0,1
BRDA:346,38,1,1
BRDA:360,39,0,0
BRDA:360,39,1,0
BRDA:379,40,0,1
BRDA:392,41,0,2
BRDA:394,42,0,2
BRDA:399,43,0,2
BRDA:417,44,0,1
BRDA:423,45,0,1
BRDA:423,45,1,0
BRDA:427,46,0,1
BRDA:464,47,0,0
BRDA:468,48,0,0
BRDA:468,48,1,0
BRDA:486,49,0,0
BRDA:494,50,0,0
BRDA:500,51,0,0
BRDA:506,52,0,0
BRDA:513,53,0,0
BRF:75
BRH:53
end_of_record
TN:
SF:src/lib/errors/DatabaseError.ts
FN:4,(anonymous_0)
FN:30,(anonymous_1)
FN:57,(anonymous_2)
FN:102,(anonymous_3)
FN:114,(anonymous_4)
FNF:5
FNH:3
FNDA:1,(anonymous_0)
FNDA:9,(anonymous_1)
FNDA:6,(anonymous_2)
FNDA:0,(anonymous_3)
FNDA:0,(anonymous_4)
DA:4,1
DA:5,1
DA:6,1
DA:7,1
DA:8,1
DA:9,1
DA:10,1
DA:17,1
DA:43,9
DA:44,9
DA:45,9
DA:46,9
DA:47,9
DA:48,9
DA:51,9
DA:59,6
DA:60,0
DA:69,6
DA:70,0
DA:80,6
DA:82,0
DA:91,6
DA:103,0
DA:115,0
LF:24
LH:19
BRDA:4,0,0,1
BRDA:4,0,1,1
BRDA:32,1,0,0
BRDA:33,2,0,0
BRDA:59,3,0,0
BRDA:59,4,0,6
BRDA:59,4,1,6
BRDA:69,5,0,0
BRDA:69,6,0,6
BRDA:69,6,1,6
BRDA:80,7,0,0
BRDA:80,8,0,6
BRDA:80,8,1,6
BRDA:80,8,2,6
BRDA:92,9,0,6
BRDA:92,9,1,0
BRDA:104,10,0,0
BRDA:104,10,1,0
BRDA:107,11,0,0
BRDA:107,11,1,0
BRDA:120,12,0,0
BRDA:120,12,1,0
BRF:22
BRH:10
end_of_record
